
*** Running vivado
    with args -log audio_pipeline_top.vds -m64 -product Vivado -mode batch -messageDb vivado.pb -notrace -source audio_pipeline_top.tcl



****** Vivado v2024.1.2 (64-bit)
  **** SW Build 5164865 on Thu Sep  5 14:37:11 MDT 2024
  **** IP Build 5164407 on Fri Sep  6 08:18:11 MDT 2024
  **** SharedData Build 5164864 on Thu Sep 05 13:09:09 MDT 2024
  **** Start of session at: Sat Jan 25 02:01:25 2025
    ** Copyright 1986-2022 Xilinx, Inc. All Rights Reserved.
    ** Copyright 2022-2024 Advanced Micro Devices, Inc. All Rights Reserved.

source audio_pipeline_top.tcl -notrace
create_project: Time (s): cpu = 00:00:05 ; elapsed = 00:00:06 . Memory (MB): peak = 637.691 ; gain = 184.527
Command: read_checkpoint -auto_incremental -incremental C:/Users/power/Documents/WSU/2024-25/Spring_25/EE_416/Git_testing/FPGA_Audio/Audio_Proj/Audio_Proj.srcs/utils_1/imports/synth_1/audio_pipeline.dcp
INFO: [Vivado 12-5825] Read reference checkpoint from C:/Users/power/Documents/WSU/2024-25/Spring_25/EE_416/Git_testing/FPGA_Audio/Audio_Proj/Audio_Proj.srcs/utils_1/imports/synth_1/audio_pipeline.dcp for incremental synthesis
INFO: [Vivado 12-7989] Please ensure there are no constraint changes
Command: synth_design -top audio_pipeline_top -part xc7s50csga324-1
Starting synth_design
Attempting to get a license for feature 'Synthesis' and/or device 'xc7s50'
INFO: [Common 17-349] Got license for feature 'Synthesis' and/or device 'xc7s50'
INFO: [Device 21-403] Loading part xc7s50csga324-1
INFO: [Device 21-9227] Part: xc7s50csga324-1 does not have CEAM library.
INFO: [Synth 8-7079] Multithreading enabled for synth_design using a maximum of 2 processes.
INFO: [Synth 8-7078] Launching helper process for spawning children vivado processes
INFO: [Synth 8-7075] Helper process launched with PID 7376
---------------------------------------------------------------------------------
Starting RTL Elaboration : Time (s): cpu = 00:00:03 ; elapsed = 00:00:03 . Memory (MB): peak = 1484.371 ; gain = 446.785
---------------------------------------------------------------------------------
INFO: [Synth 8-6157] synthesizing module 'audio_pipeline_top' [C:/Users/power/Documents/WSU/2024-25/Spring_25/EE_416/Git_testing/FPGA_Audio/Audio_Proj/Audio_Proj.srcs/sources_1/new/Audio_Pipeline.v:1]
INFO: [Synth 8-6157] synthesizing module 'clock_divider' [C:/Users/power/Documents/WSU/2024-25/Spring_25/EE_416/Git_testing/FPGA_Audio/Audio_Proj/Audio_Proj.srcs/sources_1/new/Audio_Pipeline.v:51]
INFO: [Synth 8-6155] done synthesizing module 'clock_divider' (0#1) [C:/Users/power/Documents/WSU/2024-25/Spring_25/EE_416/Git_testing/FPGA_Audio/Audio_Proj/Audio_Proj.srcs/sources_1/new/Audio_Pipeline.v:51]
INFO: [Synth 8-6157] synthesizing module 'pdm_to_pcm' [C:/Users/power/Documents/WSU/2024-25/Spring_25/EE_416/Git_testing/FPGA_Audio/Audio_Proj/Audio_Proj.srcs/sources_1/new/Audio_Pipeline.v:131]
INFO: [Synth 8-6155] done synthesizing module 'pdm_to_pcm' (0#1) [C:/Users/power/Documents/WSU/2024-25/Spring_25/EE_416/Git_testing/FPGA_Audio/Audio_Proj/Audio_Proj.srcs/sources_1/new/Audio_Pipeline.v:131]
INFO: [Synth 8-6157] synthesizing module 'pcm_to_pwm' [C:/Users/power/Documents/WSU/2024-25/Spring_25/EE_416/Git_testing/FPGA_Audio/Audio_Proj/Audio_Proj.srcs/sources_1/new/Audio_Pipeline.v:78]
INFO: [Synth 8-6155] done synthesizing module 'pcm_to_pwm' (0#1) [C:/Users/power/Documents/WSU/2024-25/Spring_25/EE_416/Git_testing/FPGA_Audio/Audio_Proj/Audio_Proj.srcs/sources_1/new/Audio_Pipeline.v:78]
INFO: [Synth 8-6155] done synthesizing module 'audio_pipeline_top' (0#1) [C:/Users/power/Documents/WSU/2024-25/Spring_25/EE_416/Git_testing/FPGA_Audio/Audio_Proj/Audio_Proj.srcs/sources_1/new/Audio_Pipeline.v:1]
WARNING: [Synth 8-6014] Unused sequential element accumulator_reg was removed.  [C:/Users/power/Documents/WSU/2024-25/Spring_25/EE_416/Git_testing/FPGA_Audio/Audio_Proj/Audio_Proj.srcs/sources_1/new/Audio_Pipeline.v:152]
---------------------------------------------------------------------------------
Finished RTL Elaboration : Time (s): cpu = 00:00:05 ; elapsed = 00:00:05 . Memory (MB): peak = 1614.406 ; gain = 576.820
---------------------------------------------------------------------------------
---------------------------------------------------------------------------------
Start Handling Custom Attributes
---------------------------------------------------------------------------------
---------------------------------------------------------------------------------
Finished Handling Custom Attributes : Time (s): cpu = 00:00:05 ; elapsed = 00:00:05 . Memory (MB): peak = 1614.406 ; gain = 576.820
---------------------------------------------------------------------------------
---------------------------------------------------------------------------------
Finished RTL Optimization Phase 1 : Time (s): cpu = 00:00:05 ; elapsed = 00:00:05 . Memory (MB): peak = 1614.406 ; gain = 576.820
---------------------------------------------------------------------------------
Netlist sorting complete. Time (s): cpu = 00:00:00 ; elapsed = 00:00:00.019 . Memory (MB): peak = 1614.406 ; gain = 0.000
INFO: [Project 1-570] Preparing netlist for logic optimization

Processing XDC Constraints
Initializing timing engine
Parsing XDC File [C:/Users/power/Documents/WSU/2024-25/Spring_25/EE_416/Git_testing/FPGA_Audio/Audio_Proj/Audio_Proj.srcs/constrs_1/new/Urbana_Audio.xdc]
Finished Parsing XDC File [C:/Users/power/Documents/WSU/2024-25/Spring_25/EE_416/Git_testing/FPGA_Audio/Audio_Proj/Audio_Proj.srcs/constrs_1/new/Urbana_Audio.xdc]
INFO: [Project 1-236] Implementation specific constraints were found while reading constraint file [C:/Users/power/Documents/WSU/2024-25/Spring_25/EE_416/Git_testing/FPGA_Audio/Audio_Proj/Audio_Proj.srcs/constrs_1/new/Urbana_Audio.xdc]. These constraints will be ignored for synthesis but will be used in implementation. Impacted constraints are listed in the file [.Xil/audio_pipeline_top_propImpl.xdc].
Resolution: To avoid this warning, move constraints listed in [.Xil/audio_pipeline_top_propImpl.xdc] to another XDC file and exclude this new file from synthesis with the used_in_synthesis property (File Properties dialog in GUI) and re-run elaboration/synthesis.
Completed Processing XDC Constraints

Netlist sorting complete. Time (s): cpu = 00:00:00 ; elapsed = 00:00:00 . Memory (MB): peak = 1704.051 ; gain = 0.000
INFO: [Project 1-111] Unisim Transformation Summary:
No Unisim elements were transformed.

Constraint Validation Runtime : Time (s): cpu = 00:00:00 ; elapsed = 00:00:00.004 . Memory (MB): peak = 1704.051 ; gain = 0.000
---------------------------------------------------------------------------------
Finished Constraint Validation : Time (s): cpu = 00:00:10 ; elapsed = 00:00:10 . Memory (MB): peak = 1704.051 ; gain = 666.465
---------------------------------------------------------------------------------
---------------------------------------------------------------------------------
Start Loading Part and Timing Information
---------------------------------------------------------------------------------
Loading part: xc7s50csga324-1
---------------------------------------------------------------------------------
Finished Loading Part and Timing Information : Time (s): cpu = 00:00:10 ; elapsed = 00:00:10 . Memory (MB): peak = 1704.051 ; gain = 666.465
---------------------------------------------------------------------------------
---------------------------------------------------------------------------------
Start Applying 'set_property' XDC Constraints
---------------------------------------------------------------------------------
---------------------------------------------------------------------------------
Finished applying 'set_property' XDC Constraints : Time (s): cpu = 00:00:10 ; elapsed = 00:00:10 . Memory (MB): peak = 1704.051 ; gain = 666.465
---------------------------------------------------------------------------------
---------------------------------------------------------------------------------
Start Preparing Guide Design
---------------------------------------------------------------------------------
CRITICAL WARNING: [Synth 8-6895] The reference checkpoint C:/Users/power/Documents/WSU/2024-25/Spring_25/EE_416/Git_testing/FPGA_Audio/Audio_Proj/Audio_Proj.srcs/utils_1/imports/synth_1/audio_pipeline.dcp is not suitable for use with incremental synthesis for this design. Please regenerate the checkpoint for this design with -incremental_synth switch in the same Vivado session that synth_design has been run. Synthesis will continue with the default flow
---------------------------------------------------------------------------------
Finished Doing Graph Differ : Time (s): cpu = 00:00:10 ; elapsed = 00:00:10 . Memory (MB): peak = 1704.051 ; gain = 666.465
---------------------------------------------------------------------------------
---------------------------------------------------------------------------------
Finished Preparing Guide Design : Time (s): cpu = 00:00:10 ; elapsed = 00:00:10 . Memory (MB): peak = 1704.051 ; gain = 666.465
---------------------------------------------------------------------------------
---------------------------------------------------------------------------------
Finished RTL Optimization Phase 2 : Time (s): cpu = 00:00:10 ; elapsed = 00:00:10 . Memory (MB): peak = 1704.051 ; gain = 666.465
---------------------------------------------------------------------------------
INFO: [Synth 8-223] decloning instance 'pcm_to_pwm_left' (pcm_to_pwm) to 'pcm_to_pwm_right'


Incremental Synthesis Report Summary:

1. Incremental synthesis run: no

   Reason for not running incremental synthesis : 


INFO: [Synth 8-7130] Flow is switching to default flow due to incremental criteria not met. If you would like to alter this behaviour and have the flow terminate instead, please set the following parameter config_implementation {autoIncr.Synth.RejectBehavior Terminate}
---------------------------------------------------------------------------------
Start RTL Component Statistics 
---------------------------------------------------------------------------------
Detailed RTL Component Info : 
+---Adders : 
	   2 Input   24 Bit       Adders := 1     
	   2 Input    9 Bit       Adders := 1     
	 129 Input    8 Bit       Adders := 1     
	  65 Input    7 Bit       Adders := 1     
	  33 Input    6 Bit       Adders := 1     
	  17 Input    5 Bit       Adders := 1     
	   2 Input    4 Bit       Adders := 2     
	   9 Input    4 Bit       Adders := 1     
	   5 Input    3 Bit       Adders := 1     
	   2 Input    2 Bit       Adders := 1     
	   3 Input    2 Bit       Adders := 1     
+---Registers : 
	               32 Bit    Registers := 1     
	               24 Bit    Registers := 2     
	                4 Bit    Registers := 1     
	                1 Bit    Registers := 2     
+---Muxes : 
	   2 Input    4 Bit        Muxes := 2     
	   2 Input    2 Bit        Muxes := 1     
---------------------------------------------------------------------------------
Finished RTL Component Statistics 
---------------------------------------------------------------------------------
---------------------------------------------------------------------------------
Start Part Resource Summary
---------------------------------------------------------------------------------
Part Resources:
DSPs: 120 (col length:60)
BRAMs: 150 (col length: RAMB18 60 RAMB36 30)
---------------------------------------------------------------------------------
Finished Part Resource Summary
---------------------------------------------------------------------------------
---------------------------------------------------------------------------------
Start Cross Boundary and Area Optimization
---------------------------------------------------------------------------------
WARNING: [Synth 8-7080] Parallel synthesis criteria is not met
---------------------------------------------------------------------------------
Finished Cross Boundary and Area Optimization : Time (s): cpu = 00:00:14 ; elapsed = 00:00:14 . Memory (MB): peak = 1704.051 ; gain = 666.465
---------------------------------------------------------------------------------
---------------------------------------------------------------------------------
Start Applying XDC Timing Constraints
---------------------------------------------------------------------------------
---------------------------------------------------------------------------------
Finished Applying XDC Timing Constraints : Time (s): cpu = 00:00:18 ; elapsed = 00:00:18 . Memory (MB): peak = 1704.051 ; gain = 666.465
---------------------------------------------------------------------------------
---------------------------------------------------------------------------------
Start Timing Optimization
---------------------------------------------------------------------------------
---------------------------------------------------------------------------------
Finished Timing Optimization : Time (s): cpu = 00:00:18 ; elapsed = 00:00:18 . Memory (MB): peak = 1704.051 ; gain = 666.465
---------------------------------------------------------------------------------
---------------------------------------------------------------------------------
Start Technology Mapping
---------------------------------------------------------------------------------
---------------------------------------------------------------------------------
Finished Technology Mapping : Time (s): cpu = 00:00:18 ; elapsed = 00:00:18 . Memory (MB): peak = 1704.051 ; gain = 666.465
---------------------------------------------------------------------------------
---------------------------------------------------------------------------------
Start IO Insertion
---------------------------------------------------------------------------------
---------------------------------------------------------------------------------
Start Flattening Before IO Insertion
---------------------------------------------------------------------------------
---------------------------------------------------------------------------------
Finished Flattening Before IO Insertion
---------------------------------------------------------------------------------
---------------------------------------------------------------------------------
Start Final Netlist Cleanup
---------------------------------------------------------------------------------
---------------------------------------------------------------------------------
Finished Final Netlist Cleanup
---------------------------------------------------------------------------------
---------------------------------------------------------------------------------
Finished IO Insertion : Time (s): cpu = 00:00:20 ; elapsed = 00:00:21 . Memory (MB): peak = 1704.051 ; gain = 666.465
---------------------------------------------------------------------------------
---------------------------------------------------------------------------------
Start Renaming Generated Instances
---------------------------------------------------------------------------------
---------------------------------------------------------------------------------
Finished Renaming Generated Instances : Time (s): cpu = 00:00:20 ; elapsed = 00:00:21 . Memory (MB): peak = 1704.051 ; gain = 666.465
---------------------------------------------------------------------------------
---------------------------------------------------------------------------------
Start Rebuilding User Hierarchy
---------------------------------------------------------------------------------
---------------------------------------------------------------------------------
Finished Rebuilding User Hierarchy : Time (s): cpu = 00:00:20 ; elapsed = 00:00:21 . Memory (MB): peak = 1704.051 ; gain = 666.465
---------------------------------------------------------------------------------
---------------------------------------------------------------------------------
Start Renaming Generated Ports
---------------------------------------------------------------------------------
---------------------------------------------------------------------------------
Finished Renaming Generated Ports : Time (s): cpu = 00:00:20 ; elapsed = 00:00:21 . Memory (MB): peak = 1704.051 ; gain = 666.465
---------------------------------------------------------------------------------
---------------------------------------------------------------------------------
Start Handling Custom Attributes
---------------------------------------------------------------------------------
---------------------------------------------------------------------------------
Finished Handling Custom Attributes : Time (s): cpu = 00:00:21 ; elapsed = 00:00:21 . Memory (MB): peak = 1704.051 ; gain = 666.465
---------------------------------------------------------------------------------
---------------------------------------------------------------------------------
Start Renaming Generated Nets
---------------------------------------------------------------------------------
---------------------------------------------------------------------------------
Finished Renaming Generated Nets : Time (s): cpu = 00:00:21 ; elapsed = 00:00:21 . Memory (MB): peak = 1704.051 ; gain = 666.465
---------------------------------------------------------------------------------
---------------------------------------------------------------------------------
Start Writing Synthesis Report
---------------------------------------------------------------------------------

Report BlackBoxes: 
+-+--------------+----------+
| |BlackBox name |Instances |
+-+--------------+----------+
+-+--------------+----------+

Report Cell Usage: 
+------+-------+------+
|      |Cell   |Count |
+------+-------+------+
|1     |BUFG   |     2|
|2     |CARRY4 |    11|
|3     |LUT1   |     8|
|4     |LUT2   |    15|
|5     |LUT3   |   157|
|6     |LUT4   |    28|
|7     |LUT5   |   125|
|8     |LUT6   |   129|
|9     |FDCE   |   284|
|10    |IBUF   |     3|
|11    |OBUF   |     3|
+------+-------+------+
---------------------------------------------------------------------------------
Finished Writing Synthesis Report : Time (s): cpu = 00:00:21 ; elapsed = 00:00:21 . Memory (MB): peak = 1704.051 ; gain = 666.465
---------------------------------------------------------------------------------
Synthesis finished with 0 errors, 1 critical warnings and 1 warnings.
Synthesis Optimization Runtime : Time (s): cpu = 00:00:15 ; elapsed = 00:00:20 . Memory (MB): peak = 1704.051 ; gain = 576.820
Synthesis Optimization Complete : Time (s): cpu = 00:00:21 ; elapsed = 00:00:21 . Memory (MB): peak = 1704.051 ; gain = 666.465
INFO: [Project 1-571] Translating synthesized netlist
Netlist sorting complete. Time (s): cpu = 00:00:00 ; elapsed = 00:00:00.003 . Memory (MB): peak = 1704.051 ; gain = 0.000
INFO: [Netlist 29-17] Analyzing 11 Unisim elements for replacement
INFO: [Netlist 29-28] Unisim Transformation completed in 0 CPU seconds
INFO: [Project 1-570] Preparing netlist for logic optimization
INFO: [Opt 31-138] Pushed 0 inverter(s) to 0 load pin(s).
Netlist sorting complete. Time (s): cpu = 00:00:00 ; elapsed = 00:00:00 . Memory (MB): peak = 1704.051 ; gain = 0.000
INFO: [Project 1-111] Unisim Transformation Summary:
No Unisim elements were transformed.

Synth Design complete | Checksum: c949c54b
INFO: [Common 17-83] Releasing license: Synthesis
28 Infos, 2 Warnings, 1 Critical Warnings and 0 Errors encountered.
synth_design completed successfully
synth_design: Time (s): cpu = 00:00:23 ; elapsed = 00:00:25 . Memory (MB): peak = 1704.051 ; gain = 1055.562
INFO: [runtcl-6] Synthesis results are not added to the cache due to CRITICAL_WARNING
Write ShapeDB Complete: Time (s): cpu = 00:00:00 ; elapsed = 00:00:00.001 . Memory (MB): peak = 1704.051 ; gain = 0.000
INFO: [Common 17-1381] The checkpoint 'C:/Users/power/Documents/WSU/2024-25/Spring_25/EE_416/Git_testing/FPGA_Audio/Audio_Proj/Audio_Proj.runs/synth_1/audio_pipeline_top.dcp' has been generated.
INFO: [Vivado 12-24828] Executing command : report_utilization -file audio_pipeline_top_utilization_synth.rpt -pb audio_pipeline_top_utilization_synth.pb
INFO: [Common 17-206] Exiting Vivado at Sat Jan 25 02:01:59 2025...
